[2025-06-01 01:43:48,951] 42 root -INFO -Start data Ingestion
[2025-06-01 01:43:53,178] 65 root -INFO -Performed train test split on the dataframe
[2025-06-01 01:43:53,179] 67 root -INFO -Exited split_data_as_train_test method of Data_Ingestion class
[2025-06-01 01:43:53,181] 75 root -INFO -Exporting train and test file path.
[2025-06-01 01:43:53,301] 84 root -INFO -Exported train and test file path.
[2025-06-01 01:43:53,301] 45 root -INFO -Data Ingestion completed and artifact: DataIngestionArtifact(trained_file_path='Artifacts\\06_01_2025_01_42_58\\data_ingestion\\ingested\\train.csv', test_file_path='Artifacts\\06_01_2025_01_42_58\\data_ingestion\\ingested\\test.csv')
[2025-06-01 01:43:53,325] 55 root -INFO -Initiate the data Validation
[2025-06-01 01:43:53,442] 32 root -INFO -Required number of columns:2
[2025-06-01 01:43:53,442] 33 root -INFO -Data frame has columns:31
[2025-06-01 01:43:53,442] 32 root -INFO -Required number of columns:2
[2025-06-01 01:43:53,442] 33 root -INFO -Data frame has columns:31
[2025-06-01 01:43:53,710] 63 root -INFO -Entered initiate_data_transformation method of DataTransformation class
[2025-06-01 01:43:53,710] 65 root -INFO -Starting data transformation
[2025-06-01 01:43:53,744] 48 root -INFO -Entered get_data_trnasformer_object method of Trnasformation class
[2025-06-01 01:43:53,744] 53 root -INFO -Initialise KNNImputer with {'missing_values': nan, 'n_neighbors': 3, 'weights': 'uniform'}
[2025-06-01 01:43:53,771] 37 root -INFO -Entered the save_object method of MainUtils class
[2025-06-01 01:43:53,778] 41 root -INFO -Exited the save_object method of MainUtils class
[2025-06-01 01:43:53,778] 37 root -INFO -Entered the save_object method of MainUtils class
[2025-06-01 01:43:53,781] 41 root -INFO -Exited the save_object method of MainUtils class
[2025-06-01 01:51:00,016] 37 root -INFO -Entered the save_object method of MainUtils class
[2025-06-01 01:51:00,058] 41 root -INFO -Exited the save_object method of MainUtils class
[2025-06-01 01:51:00,059] 37 root -INFO -Entered the save_object method of MainUtils class
[2025-06-01 01:51:00,101] 41 root -INFO -Exited the save_object method of MainUtils class
[2025-06-01 01:51:00,101] 127 root -INFO -Model trainer artifact: ModelTrainerArtifact(trained_model_file_path='Artifacts\\06_01_2025_01_42_58\\model_trainer\\trained_model\\model.pkl', train_metric_artifact=ClassificationMetricArtifact(f1_score=0.9912094574113368, precision_score=0.9901090028259992, recall_score=0.9923123609144244), test_metric_artifact=ClassificationMetricArtifact(f1_score=0.9730612244897959, precision_score=0.9644012944983819, recall_score=0.9818780889621087))
